<?xml version="1.0" encoding="UTF-8"?>
<!-- Generated by org.testng.reporters.JUnitReportReporter -->
<testsuite hostname="Varad" failures="0" tests="5" name="testCases.TC_VideoGamesAPI" time="7.258" errors="0" timestamp="2024-10-12T19:23:43 IST" skipped="0">
  <testcase classname="testCases.TC_VideoGamesAPI" name="testget_AllVideoGames" time="4.016"/>
  <system-out/>
  <testcase classname="testCases.TC_VideoGamesAPI" name="testadd_VideoGame" time="1.355"/>
  <system-out/>
  <testcase classname="testCases.TC_VideoGamesAPI" name="test_getVideoGameBy_ID" time="1.769"/>
  <system-out/>
  <testcase classname="testCases.TC_VideoGamesAPI" name="test_put_VideoGame" time="0.067"/>
  <system-out/>
  <testcase classname="testCases.TC_VideoGamesAPI" name="test_DeleteVideoGame" time="0.051"/>
  <system-out/>
</testsuite> <!-- testCases.TC_VideoGamesAPI -->
